<?xml version="1.0" encoding="UTF-8"?>
<!-- Generated by org.testng.reporters.JUnitReportReporter -->
<testsuite skipped="0" hostname="HariDarshana" name="mailTest.FetchOTP" tests="1" failures="0" timestamp="2024-02-16T14:33:07 CST" time="26.974" errors="0">
  <testcase name="testExample" time="26.974" classname="mailTest.FetchOTP"/>
  <system-out/>
</testsuite> <!-- mailTest.FetchOTP -->
